<?xml version="1.0" encoding="UTF-8"?>
<!-- Generated by org.testng.reporters.JUnitReportReporter -->
<testsuite hostname="DESKTOP-E3C6OLC" name="com.uni.may.library.dao.impl.redis.RedisDataLoader" tests="2" failures="0" timestamp="24 Mar 2017 14:21:50 GMT" time="0.122" errors="0">
  <testcase name="putData2Redis" time="0.022" classname="com.uni.may.library.dao.impl.redis.RedisDataLoader"/>
  <testcase name="loadDataFromJson" time="0.100" classname="com.uni.may.library.dao.impl.redis.RedisDataLoader"/>
</testsuite> <!-- com.uni.may.library.dao.impl.redis.RedisDataLoader -->
